commit fdb6011c6f1c20fb67df9cb1fe5fe0dd64e75daf
Author: Grupo2Batch6 <max.montes@telsal.cloud>
Date:   Tue Sep 3 12:31:01 2024 -0600

    test

commit bc3b57cbb48e946052c9e65541fe597087db1d23
Author: Grupo2Batch6 <max.montes@telsal.cloud>
Date:   Tue Sep 3 12:18:44 2024 -0600

    Create Dockerfile

commit d9781e958b3ad6bf269d45adebbd95644251591b
Author: Grupo2Batch6 <max.montes@telsal.cloud>
Date:   Tue Sep 3 12:17:35 2024 -0600

    Update README.md

commit 3823c48de3c5e53db1cd5f6134b5f995c4c156fd
Author: G.Niruthian <g.niruthian15@gmail.com>
Date:   Mon Jan 3 18:37:55 2022 +0530

    Update README.md

commit b2d2b22ccdc2b238598beb9106f56a4880c67442
Author: G.Niruthian <g.niruthian15@gmail.com>
Date:   Sun Jan 2 17:29:11 2022 +0530

    Update README.md

commit e07bf38a78a13e4be4832feec4b067e7d6025ff9
Author: G.Niruthian <g.niruthian15@gmail.com>
Date:   Sun Jan 2 17:28:49 2022 +0530

    Update README.md

commit 0397996694f5f194c10aff29fb69dc281db3a751
Author: G.Niruthian <88297426+GNiruthian@users.noreply.github.com>
Date:   Sat Nov 27 07:49:17 2021 +0530

    Create README.md

commit c1b8f7e7966f212a7ce1fa24e9c721e0168d8047
Author: G.Niruthian <88297426+GNiruthian@users.noreply.github.com>
Date:   Sat Oct 30 06:48:24 2021 +0530

    Add files via upload

commit 3dc4c027ccfc6224789c94baa0928a2768846a71
Author: G.Niruthian <88297426+GNiruthian@users.noreply.github.com>
Date:   Sat Oct 30 06:32:17 2021 +0530

    Initial commit
